2024-04-27 17:41:26 [restartedMain] INFO  mybank.dao.MybankdaoApplication - Starting MybankdaoApplication using Java 1.8.0_292 on WPF45D02X with PID 5836 (C:\DLTE_JavaFullStack-Annapoorna2024\DLTE_Project\MyBank_Project\MyBank_DAO\target\classes started by xxpaiija in C:\DLTE_JavaFullStack-Annapoorna2024\DLTE_Project\MyBank_Project\MyBank_DAO)
2024-04-27 17:41:26 [restartedMain] INFO  mybank.dao.MybankdaoApplication - No active profile set, falling back to 1 default profile: "default"
2024-04-27 17:41:26 [restartedMain] INFO  o.s.b.d.restart.ChangeableUrls - The Class-Path manifest attribute in C:\Users\xxpaiija\.m2\repository\com\oracle\database\security\oraclepki\21.5.0.0\oraclepki-21.5.0.0.jar referenced one or more files that do not exist: file:/C:/Users/xxpaiija/.m2/repository/com/oracle/database/security/oraclepki/21.5.0.0/osdt_core.jar,file:/C:/Users/xxpaiija/.m2/repository/com/oracle/database/security/oraclepki/21.5.0.0/osdt_cert.jar,file:/C:/Users/xxpaiija/.m2/repository/com/oracle/database/security/oraclepki/oracle.osdt/osdt_core.jar,file:/C:/Users/xxpaiija/.m2/repository/com/oracle/database/security/oraclepki/oracle.osdt/osdt_cert.jar
2024-04-27 17:41:26 [restartedMain] INFO  o.s.b.d.e.DevToolsPropertyDefaultsPostProcessor - Devtools property defaults active! Set 'spring.devtools.add-properties' to 'false' to disable
2024-04-27 17:41:26 [restartedMain] INFO  o.s.b.d.e.DevToolsPropertyDefaultsPostProcessor - For additional web related logging consider setting the 'logging.level.web' property to 'DEBUG'
2024-04-27 17:41:27 [restartedMain] INFO  o.s.d.r.c.RepositoryConfigurationDelegate - Bootstrapping Spring Data JDBC repositories in DEFAULT mode.
2024-04-27 17:41:27 [restartedMain] INFO  o.s.d.r.c.RepositoryConfigurationDelegate - Finished Spring Data repository scanning in 12 ms. Found 0 JDBC repository interfaces.
2024-04-27 17:41:28 [restartedMain] INFO  o.s.b.w.e.tomcat.TomcatWebServer - Tomcat initialized with port(s): 8081 (http)
2024-04-27 17:41:28 [restartedMain] INFO  o.a.catalina.core.StandardService - Starting service [Tomcat]
2024-04-27 17:41:28 [restartedMain] INFO  o.a.catalina.core.StandardEngine - Starting Servlet engine: [Apache Tomcat/9.0.73]
2024-04-27 17:41:28 [restartedMain] INFO  o.a.c.c.C.[Tomcat].[localhost].[/] - Initializing Spring embedded WebApplicationContext
2024-04-27 17:41:28 [restartedMain] INFO  o.s.b.w.s.c.ServletWebServerApplicationContext - Root WebApplicationContext: initialization completed in 2209 ms
2024-04-27 17:41:29 [restartedMain] INFO  com.zaxxer.hikari.HikariDataSource - HikariPool-1 - Starting...
2024-04-27 17:41:29 [restartedMain] WARN  c.z.hikari.util.DriverDataSource - Registered driver with driverClassName=oracle.jdbc.driver.OracleDriver was not found, trying direct instantiation.
2024-04-27 17:41:29 [restartedMain] INFO  com.zaxxer.hikari.pool.PoolBase - HikariPool-1 - Driver does not support get/set network timeout for connections. (oracle.jdbc.driver.T4CConnection.getNetworkTimeout()I)
2024-04-27 17:41:29 [restartedMain] INFO  com.zaxxer.hikari.HikariDataSource - HikariPool-1 - Start completed.
2024-04-27 17:41:30 [restartedMain] INFO  o.s.s.web.DefaultSecurityFilterChain - Will secure any request with [org.springframework.security.web.session.DisableEncodeUrlFilter@396e438d, org.springframework.security.web.context.request.async.WebAsyncManagerIntegrationFilter@182dc690, org.springframework.security.web.context.SecurityContextPersistenceFilter@29cef210, org.springframework.security.web.header.HeaderWriterFilter@26d3f102, org.springframework.security.web.csrf.CsrfFilter@1fb3170, org.springframework.security.web.authentication.logout.LogoutFilter@24cdd10, org.springframework.security.web.authentication.UsernamePasswordAuthenticationFilter@24d3e574, org.springframework.security.web.authentication.ui.DefaultLoginPageGeneratingFilter@7f633c54, org.springframework.security.web.authentication.ui.DefaultLogoutPageGeneratingFilter@cb5e395, org.springframework.security.web.authentication.www.BasicAuthenticationFilter@361dad99, org.springframework.security.web.savedrequest.RequestCacheAwareFilter@613b616f, org.springframework.security.web.servletapi.SecurityContextHolderAwareRequestFilter@4db2c2c0, org.springframework.security.web.authentication.AnonymousAuthenticationFilter@13742133, org.springframework.security.web.session.SessionManagementFilter@21b22c85, org.springframework.security.web.access.ExceptionTranslationFilter@648de2c0, org.springframework.security.web.access.intercept.FilterSecurityInterceptor@75860ac7]
2024-04-27 17:41:30 [restartedMain] INFO  o.s.b.d.a.OptionalLiveReloadServer - LiveReload server is running on port 35729
2024-04-27 17:41:30 [restartedMain] INFO  o.s.b.w.e.tomcat.TomcatWebServer - Tomcat started on port(s): 8081 (http) with context path ''
2024-04-27 17:41:30 [restartedMain] INFO  mybank.dao.MybankdaoApplication - Started MybankdaoApplication in 4.862 seconds (JVM running for 7.042)
