[31m2024-03-29 08:55:06,454[0;39m [32m[INFO][0;39m jdbc.soapweb.Xsdsoapwebservice1154Application restartedMain [32mStarting Xsdsoapwebservice1154Application using Java 1.8.0_292 on WPF45D02X with PID 16156 (C:\DLTE_JavaFullStack-Annapoorna2024\DLTE_SPRING\xsdsoapweb1154\target\classes started by xxpaiija in C:\DLTE_JavaFullStack-Annapoorna2024\DLTE_SPRING\xsdsoapweb1154)
[0;39m[31m2024-03-29 08:55:06,472[0;39m [32m[INFO][0;39m jdbc.soapweb.Xsdsoapwebservice1154Application restartedMain [32mNo active profile set, falling back to 1 default profile: "default"
[0;39m[31m2024-03-29 08:55:06,564[0;39m [32m[INFO][0;39m org.springframework.boot.devtools.restart.ChangeableUrls restartedMain [32mThe Class-Path manifest attribute in C:\Users\xxpaiija\.m2\repository\com\oracle\database\security\oraclepki\21.5.0.0\oraclepki-21.5.0.0.jar referenced one or more files that do not exist: file:/C:/Users/xxpaiija/.m2/repository/com/oracle/database/security/oraclepki/21.5.0.0/osdt_core.jar,file:/C:/Users/xxpaiija/.m2/repository/com/oracle/database/security/oraclepki/21.5.0.0/osdt_cert.jar,file:/C:/Users/xxpaiija/.m2/repository/com/oracle/database/security/oraclepki/oracle.osdt/osdt_core.jar,file:/C:/Users/xxpaiija/.m2/repository/com/oracle/database/security/oraclepki/oracle.osdt/osdt_cert.jar
[0;39m[31m2024-03-29 08:55:06,564[0;39m [32m[INFO][0;39m org.springframework.boot.devtools.env.DevToolsPropertyDefaultsPostProcessor restartedMain [32mDevtools property defaults active! Set 'spring.devtools.add-properties' to 'false' to disable
[0;39m[31m2024-03-29 08:55:06,564[0;39m [32m[INFO][0;39m org.springframework.boot.devtools.env.DevToolsPropertyDefaultsPostProcessor restartedMain [32mFor additional web related logging consider setting the 'logging.level.web' property to 'DEBUG'
[0;39m[31m2024-03-29 08:55:07,639[0;39m [32m[INFO][0;39m org.springframework.data.repository.config.RepositoryConfigurationDelegate restartedMain [32mBootstrapping Spring Data JDBC repositories in DEFAULT mode.
[0;39m[31m2024-03-29 08:55:07,654[0;39m [32m[INFO][0;39m org.springframework.data.repository.config.RepositoryConfigurationDelegate restartedMain [32mFinished Spring Data repository scanning in 7 ms. Found 0 JDBC repository interfaces.
[0;39m[31m2024-03-29 08:55:07,889[0;39m [32m[INFO][0;39m org.springframework.context.support.PostProcessorRegistrationDelegate$BeanPostProcessorChecker restartedMain [32mBean 'soapServiceConfiguration' of type [jdbc.soapweb.configurations.SoapServiceConfiguration$$EnhancerBySpringCGLIB$$9cf6876] is not eligible for getting processed by all BeanPostProcessors (for example: not eligible for auto-proxying)
[0;39m[31m2024-03-29 08:55:07,889[0;39m [32m[INFO][0;39m org.springframework.context.support.PostProcessorRegistrationDelegate$BeanPostProcessorChecker restartedMain [32mBean 'org.springframework.ws.config.annotation.DelegatingWsConfiguration' of type [org.springframework.ws.config.annotation.DelegatingWsConfiguration$$EnhancerBySpringCGLIB$$a2ab114b] is not eligible for getting processed by all BeanPostProcessors (for example: not eligible for auto-proxying)
[0;39m[31m2024-03-29 08:55:07,968[0;39m [32m[INFO][0;39m org.springframework.ws.soap.addressing.server.AnnotationActionEndpointMapping restartedMain [32mSupporting [WS-Addressing August 2004, WS-Addressing 1.0]
[0;39m[31m2024-03-29 08:55:08,348[0;39m [32m[INFO][0;39m org.springframework.boot.web.embedded.tomcat.TomcatWebServer restartedMain [32mTomcat initialized with port(s): 2000 (http)
[0;39m[31m2024-03-29 08:55:08,365[0;39m [32m[INFO][0;39m org.apache.catalina.core.StandardService restartedMain [32mStarting service [Tomcat]
[0;39m[31m2024-03-29 08:55:08,365[0;39m [32m[INFO][0;39m org.apache.catalina.core.StandardEngine restartedMain [32mStarting Servlet engine: [Apache Tomcat/9.0.73]
[0;39m[31m2024-03-29 08:55:08,489[0;39m [32m[INFO][0;39m org.apache.catalina.core.ContainerBase.[Tomcat].[localhost].[/] restartedMain [32mInitializing Spring embedded WebApplicationContext
[0;39m[31m2024-03-29 08:55:08,489[0;39m [32m[INFO][0;39m org.springframework.boot.web.servlet.context.ServletWebServerApplicationContext restartedMain [32mRoot WebApplicationContext: initialization completed in 1925 ms
[0;39m[31m2024-03-29 08:55:08,568[0;39m [32m[WARN][0;39m org.springframework.boot.web.servlet.context.AnnotationConfigServletWebServerApplicationContext restartedMain [32mException encountered during context initialization - cancelling refresh attempt: org.springframework.beans.factory.UnsatisfiedDependencyException: Error creating bean with name 'soapPhase': Unsatisfied dependency expressed through field 'transactionsService'; nested exception is org.springframework.beans.factory.NoSuchBeanDefinitionException: No qualifying bean of type 'jdbc.soapweb.dao.TransactionsService' available: expected at least 1 bean which qualifies as autowire candidate. Dependency annotations: {@org.springframework.beans.factory.annotation.Autowired(required=true)}
[0;39m[31m2024-03-29 08:55:08,568[0;39m [32m[INFO][0;39m org.apache.catalina.core.StandardService restartedMain [32mStopping service [Tomcat]
[0;39m[31m2024-03-29 08:55:08,633[0;39m [32m[INFO][0;39m org.springframework.boot.autoconfigure.logging.ConditionEvaluationReportLoggingListener restartedMain [32m

Error starting ApplicationContext. To display the conditions report re-run your application with 'debug' enabled.
[0;39m[31m2024-03-29 08:55:08,662[0;39m [32m[ERROR][0;39m org.springframework.boot.diagnostics.LoggingFailureAnalysisReporter restartedMain [32m

***************************
APPLICATION FAILED TO START
***************************

Description:

Field transactionsService in jdbc.soapweb.configurations.SoapPhase required a bean of type 'jdbc.soapweb.dao.TransactionsService' that could not be found.

The injection point has the following annotations:
	- @org.springframework.beans.factory.annotation.Autowired(required=true)


Action:

Consider defining a bean of type 'jdbc.soapweb.dao.TransactionsService' in your configuration.

[0;39m[31m2024-03-29 09:01:58,597[0;39m [32m[INFO][0;39m jdbc.soapweb.Xsdsoapwebservice1154Application restartedMain [32mStarting Xsdsoapwebservice1154Application using Java 1.8.0_292 on WPF45D02X with PID 22460 (C:\DLTE_JavaFullStack-Annapoorna2024\DLTE_SPRING\xsdsoapweb1154\target\classes started by xxpaiija in C:\DLTE_JavaFullStack-Annapoorna2024\DLTE_SPRING\xsdsoapweb1154)
[0;39m[31m2024-03-29 09:01:58,598[0;39m [32m[INFO][0;39m jdbc.soapweb.Xsdsoapwebservice1154Application restartedMain [32mNo active profile set, falling back to 1 default profile: "default"
[0;39m[31m2024-03-29 09:01:58,660[0;39m [32m[INFO][0;39m org.springframework.boot.devtools.restart.ChangeableUrls restartedMain [32mThe Class-Path manifest attribute in C:\Users\xxpaiija\.m2\repository\com\oracle\database\security\oraclepki\21.5.0.0\oraclepki-21.5.0.0.jar referenced one or more files that do not exist: file:/C:/Users/xxpaiija/.m2/repository/com/oracle/database/security/oraclepki/21.5.0.0/osdt_core.jar,file:/C:/Users/xxpaiija/.m2/repository/com/oracle/database/security/oraclepki/21.5.0.0/osdt_cert.jar,file:/C:/Users/xxpaiija/.m2/repository/com/oracle/database/security/oraclepki/oracle.osdt/osdt_core.jar,file:/C:/Users/xxpaiija/.m2/repository/com/oracle/database/security/oraclepki/oracle.osdt/osdt_cert.jar
[0;39m[31m2024-03-29 09:01:58,660[0;39m [32m[INFO][0;39m org.springframework.boot.devtools.env.DevToolsPropertyDefaultsPostProcessor restartedMain [32mDevtools property defaults active! Set 'spring.devtools.add-properties' to 'false' to disable
[0;39m[31m2024-03-29 09:01:58,660[0;39m [32m[INFO][0;39m org.springframework.boot.devtools.env.DevToolsPropertyDefaultsPostProcessor restartedMain [32mFor additional web related logging consider setting the 'logging.level.web' property to 'DEBUG'
[0;39m[31m2024-03-29 09:01:59,479[0;39m [32m[INFO][0;39m org.springframework.data.repository.config.RepositoryConfigurationDelegate restartedMain [32mBootstrapping Spring Data JDBC repositories in DEFAULT mode.
[0;39m[31m2024-03-29 09:01:59,494[0;39m [32m[INFO][0;39m org.springframework.data.repository.config.RepositoryConfigurationDelegate restartedMain [32mFinished Spring Data repository scanning in 7 ms. Found 0 JDBC repository interfaces.
[0;39m[31m2024-03-29 09:01:59,698[0;39m [32m[INFO][0;39m org.springframework.context.support.PostProcessorRegistrationDelegate$BeanPostProcessorChecker restartedMain [32mBean 'soapServiceConfiguration' of type [jdbc.soapweb.configurations.SoapServiceConfiguration$$EnhancerBySpringCGLIB$$e604bd3e] is not eligible for getting processed by all BeanPostProcessors (for example: not eligible for auto-proxying)
[0;39m[31m2024-03-29 09:01:59,698[0;39m [32m[INFO][0;39m org.springframework.context.support.PostProcessorRegistrationDelegate$BeanPostProcessorChecker restartedMain [32mBean 'org.springframework.ws.config.annotation.DelegatingWsConfiguration' of type [org.springframework.ws.config.annotation.DelegatingWsConfiguration$$EnhancerBySpringCGLIB$$7ee06613] is not eligible for getting processed by all BeanPostProcessors (for example: not eligible for auto-proxying)
[0;39m[31m2024-03-29 09:01:59,777[0;39m [32m[INFO][0;39m org.springframework.ws.soap.addressing.server.AnnotationActionEndpointMapping restartedMain [32mSupporting [WS-Addressing August 2004, WS-Addressing 1.0]
[0;39m[31m2024-03-29 09:02:00,107[0;39m [32m[INFO][0;39m org.springframework.boot.web.embedded.tomcat.TomcatWebServer restartedMain [32mTomcat initialized with port(s): 2000 (http)
[0;39m[31m2024-03-29 09:02:00,123[0;39m [32m[INFO][0;39m org.apache.catalina.core.StandardService restartedMain [32mStarting service [Tomcat]
[0;39m[31m2024-03-29 09:02:00,123[0;39m [32m[INFO][0;39m org.apache.catalina.core.StandardEngine restartedMain [32mStarting Servlet engine: [Apache Tomcat/9.0.73]
[0;39m[31m2024-03-29 09:02:00,203[0;39m [32m[INFO][0;39m org.apache.catalina.core.ContainerBase.[Tomcat].[localhost].[/] restartedMain [32mInitializing Spring embedded WebApplicationContext
[0;39m[31m2024-03-29 09:02:00,218[0;39m [32m[INFO][0;39m org.springframework.boot.web.servlet.context.ServletWebServerApplicationContext restartedMain [32mRoot WebApplicationContext: initialization completed in 1527 ms
[0;39m[31m2024-03-29 09:02:00,898[0;39m [32m[INFO][0;39m com.zaxxer.hikari.HikariDataSource restartedMain [32mHikariPool-1 - Starting...
[0;39m[31m2024-03-29 09:02:00,898[0;39m [32m[WARN][0;39m com.zaxxer.hikari.util.DriverDataSource restartedMain [32mRegistered driver with driverClassName=oracle.jdbc.driver.OracleDriver was not found, trying direct instantiation.
[0;39m[31m2024-03-29 09:02:01,024[0;39m [32m[INFO][0;39m com.zaxxer.hikari.pool.PoolBase restartedMain [32mHikariPool-1 - Driver does not support get/set network timeout for connections. (oracle.jdbc.driver.T4CConnection.getNetworkTimeout()I)
[0;39m[31m2024-03-29 09:02:01,024[0;39m [32m[INFO][0;39m com.zaxxer.hikari.HikariDataSource restartedMain [32mHikariPool-1 - Start completed.
[0;39m[31m2024-03-29 09:02:01,166[0;39m [32m[INFO][0;39m org.springframework.boot.devtools.autoconfigure.OptionalLiveReloadServer restartedMain [32mLiveReload server is running on port 35729
[0;39m[31m2024-03-29 09:02:01,198[0;39m [32m[INFO][0;39m org.springframework.boot.web.embedded.tomcat.TomcatWebServer restartedMain [32mTomcat started on port(s): 2000 (http) with context path ''
[0;39m[31m2024-03-29 09:02:01,214[0;39m [32m[INFO][0;39m jdbc.soapweb.Xsdsoapwebservice1154Application restartedMain [32mStarted Xsdsoapwebservice1154Application in 3.171 seconds (JVM running for 4.272)
[0;39m[31m2024-03-29 09:03:56,841[0;39m [32m[INFO][0;39m org.apache.catalina.core.ContainerBase.[Tomcat].[localhost].[/] http-nio-2000-exec-1 [32mInitializing Spring MessageDispatcherServlet 'messageDispatcherServlet'
[0;39m[31m2024-03-29 09:03:56,843[0;39m [32m[INFO][0;39m org.springframework.ws.transport.http.MessageDispatcherServlet http-nio-2000-exec-1 [32mInitializing Servlet 'messageDispatcherServlet'
[0;39m[31m2024-03-29 09:03:56,854[0;39m [32m[INFO][0;39m org.springframework.ws.soap.saaj.SaajSoapMessageFactory http-nio-2000-exec-1 [32mCreating SAAJ 1.3 MessageFactory with SOAP 1.1 Protocol
[0;39m[31m2024-03-29 09:03:56,888[0;39m [32m[INFO][0;39m org.springframework.ws.transport.http.MessageDispatcherServlet http-nio-2000-exec-1 [32mCompleted initialization in 45 ms
[0;39m[31m2024-03-29 12:01:04,378[0;39m [32m[WARN][0;39m com.zaxxer.hikari.pool.HikariPool HikariPool-1 housekeeper [32mHikariPool-1 - Thread starvation or clock leap detected (housekeeper delta=25m29s886ms838µs300ns).
[0;39m[31m2024-03-29 12:12:21,976[0;39m [32m[INFO][0;39m jdbc.soapweb.Xsdsoapwebservice1154Application restartedMain [32mStarting Xsdsoapwebservice1154Application using Java 1.8.0_292 on WPF45D02X with PID 20872 (C:\DLTE_JavaFullStack-Annapoorna2024\DLTE_SPRING\xsdsoapweb1154\target\classes started by xxpaiija in C:\DLTE_JavaFullStack-Annapoorna2024\DLTE_SPRING\xsdsoapweb1154)
[0;39m[31m2024-03-29 12:12:21,976[0;39m [32m[INFO][0;39m jdbc.soapweb.Xsdsoapwebservice1154Application restartedMain [32mNo active profile set, falling back to 1 default profile: "default"
[0;39m[31m2024-03-29 12:12:22,038[0;39m [32m[INFO][0;39m org.springframework.boot.devtools.restart.ChangeableUrls restartedMain [32mThe Class-Path manifest attribute in C:\Users\xxpaiija\.m2\repository\com\oracle\database\security\oraclepki\21.5.0.0\oraclepki-21.5.0.0.jar referenced one or more files that do not exist: file:/C:/Users/xxpaiija/.m2/repository/com/oracle/database/security/oraclepki/21.5.0.0/osdt_core.jar,file:/C:/Users/xxpaiija/.m2/repository/com/oracle/database/security/oraclepki/21.5.0.0/osdt_cert.jar,file:/C:/Users/xxpaiija/.m2/repository/com/oracle/database/security/oraclepki/oracle.osdt/osdt_core.jar,file:/C:/Users/xxpaiija/.m2/repository/com/oracle/database/security/oraclepki/oracle.osdt/osdt_cert.jar
[0;39m[31m2024-03-29 12:12:22,038[0;39m [32m[INFO][0;39m org.springframework.boot.devtools.env.DevToolsPropertyDefaultsPostProcessor restartedMain [32mDevtools property defaults active! Set 'spring.devtools.add-properties' to 'false' to disable
[0;39m[31m2024-03-29 12:12:22,038[0;39m [32m[INFO][0;39m org.springframework.boot.devtools.env.DevToolsPropertyDefaultsPostProcessor restartedMain [32mFor additional web related logging consider setting the 'logging.level.web' property to 'DEBUG'
[0;39m[31m2024-03-29 12:12:22,464[0;39m [32m[INFO][0;39m org.springframework.data.repository.config.RepositoryConfigurationDelegate restartedMain [32mBootstrapping Spring Data JDBC repositories in DEFAULT mode.
[0;39m[31m2024-03-29 12:12:22,479[0;39m [32m[INFO][0;39m org.springframework.data.repository.config.RepositoryConfigurationDelegate restartedMain [32mFinished Spring Data repository scanning in 4 ms. Found 0 JDBC repository interfaces.
[0;39m[31m2024-03-29 12:12:22,605[0;39m [32m[INFO][0;39m org.springframework.context.support.PostProcessorRegistrationDelegate$BeanPostProcessorChecker restartedMain [32mBean 'soapServiceConfiguration' of type [jdbc.soapweb.configurations.SoapServiceConfiguration$$EnhancerBySpringCGLIB$$fd4b75ec] is not eligible for getting processed by all BeanPostProcessors (for example: not eligible for auto-proxying)
[0;39m[31m2024-03-29 12:12:22,605[0;39m [32m[INFO][0;39m org.springframework.context.support.PostProcessorRegistrationDelegate$BeanPostProcessorChecker restartedMain [32mBean 'org.springframework.ws.config.annotation.DelegatingWsConfiguration' of type [org.springframework.ws.config.annotation.DelegatingWsConfiguration$$EnhancerBySpringCGLIB$$96271ec1] is not eligible for getting processed by all BeanPostProcessors (for example: not eligible for auto-proxying)
[0;39m[31m2024-03-29 12:12:22,652[0;39m [32m[INFO][0;39m org.springframework.ws.soap.addressing.server.AnnotationActionEndpointMapping restartedMain [32mSupporting [WS-Addressing August 2004, WS-Addressing 1.0]
[0;39m[31m2024-03-29 12:12:22,904[0;39m [32m[INFO][0;39m org.springframework.boot.web.embedded.tomcat.TomcatWebServer restartedMain [32mTomcat initialized with port(s): 2000 (http)
[0;39m[31m2024-03-29 12:12:22,904[0;39m [32m[INFO][0;39m org.apache.catalina.core.StandardService restartedMain [32mStarting service [Tomcat]
[0;39m[31m2024-03-29 12:12:22,904[0;39m [32m[INFO][0;39m org.apache.catalina.core.StandardEngine restartedMain [32mStarting Servlet engine: [Apache Tomcat/9.0.73]
[0;39m[31m2024-03-29 12:12:22,967[0;39m [32m[INFO][0;39m org.apache.catalina.core.ContainerBase.[Tomcat].[localhost].[/] restartedMain [32mInitializing Spring embedded WebApplicationContext
[0;39m[31m2024-03-29 12:12:22,967[0;39m [32m[INFO][0;39m org.springframework.boot.web.servlet.context.ServletWebServerApplicationContext restartedMain [32mRoot WebApplicationContext: initialization completed in 929 ms
[0;39m[31m2024-03-29 12:12:23,344[0;39m [32m[INFO][0;39m com.zaxxer.hikari.HikariDataSource restartedMain [32mHikariPool-1 - Starting...
[0;39m[31m2024-03-29 12:12:23,344[0;39m [32m[WARN][0;39m com.zaxxer.hikari.util.DriverDataSource restartedMain [32mRegistered driver with driverClassName=oracle.jdbc.driver.OracleDriver was not found, trying direct instantiation.
[0;39m[31m2024-03-29 12:12:23,406[0;39m [32m[INFO][0;39m com.zaxxer.hikari.pool.PoolBase restartedMain [32mHikariPool-1 - Driver does not support get/set network timeout for connections. (oracle.jdbc.driver.T4CConnection.getNetworkTimeout()I)
[0;39m[31m2024-03-29 12:12:23,406[0;39m [32m[INFO][0;39m com.zaxxer.hikari.HikariDataSource restartedMain [32mHikariPool-1 - Start completed.
[0;39m[31m2024-03-29 12:12:23,484[0;39m [32m[INFO][0;39m org.springframework.boot.devtools.autoconfigure.OptionalLiveReloadServer restartedMain [32mLiveReload server is running on port 35729
[0;39m[31m2024-03-29 12:12:23,500[0;39m [32m[INFO][0;39m org.springframework.boot.web.embedded.tomcat.TomcatWebServer restartedMain [32mTomcat started on port(s): 2000 (http) with context path ''
[0;39m[31m2024-03-29 12:12:23,500[0;39m [32m[INFO][0;39m jdbc.soapweb.Xsdsoapwebservice1154Application restartedMain [32mStarted Xsdsoapwebservice1154Application in 1.913 seconds (JVM running for 2.623)
[0;39m[31m2024-03-29 12:14:11,652[0;39m [32m[INFO][0;39m org.apache.catalina.core.ContainerBase.[Tomcat].[localhost].[/] http-nio-2000-exec-1 [32mInitializing Spring MessageDispatcherServlet 'messageDispatcherServlet'
[0;39m[31m2024-03-29 12:14:11,652[0;39m [32m[INFO][0;39m org.springframework.ws.transport.http.MessageDispatcherServlet http-nio-2000-exec-1 [32mInitializing Servlet 'messageDispatcherServlet'
[0;39m[31m2024-03-29 12:14:11,656[0;39m [32m[INFO][0;39m org.springframework.ws.soap.saaj.SaajSoapMessageFactory http-nio-2000-exec-1 [32mCreating SAAJ 1.3 MessageFactory with SOAP 1.1 Protocol
[0;39m[31m2024-03-29 12:14:11,673[0;39m [32m[INFO][0;39m org.springframework.ws.transport.http.MessageDispatcherServlet http-nio-2000-exec-1 [32mCompleted initialization in 20 ms
[0;39m[31m2024-03-29 12:22:27,114[0;39m [32m[INFO][0;39m org.springframework.boot.devtools.autoconfigure.LocalDevToolsAutoConfiguration$RestartingClassPathChangeChangedEventListener File Watcher [32mRestarting due to 24 class path changes (0 additions, 24 deletions, 0 modifications)
[0;39m[31m2024-03-29 12:22:27,224[0;39m [32m[INFO][0;39m org.apache.catalina.core.StandardService Thread-10 [32mStopping service [Tomcat]
[0;39m[31m2024-03-29 12:22:27,224[0;39m [32m[INFO][0;39m org.apache.catalina.core.ContainerBase.[Tomcat].[localhost].[/] Thread-10 [32mDestroying Spring FrameworkServlet 'messageDispatcherServlet'
[0;39m[31m2024-03-29 12:22:27,240[0;39m [32m[INFO][0;39m com.zaxxer.hikari.HikariDataSource Thread-10 [32mHikariPool-1 - Shutdown initiated...
[0;39m[31m2024-03-29 12:22:27,240[0;39m [32m[INFO][0;39m com.zaxxer.hikari.HikariDataSource Thread-10 [32mHikariPool-1 - Shutdown completed.
[0;39m[31m2024-03-29 12:22:29,143[0;39m [32m[INFO][0;39m jdbc.soapweb.Xsdsoapwebservice1154Application restartedMain [32mStarting Xsdsoapwebservice1154Application using Java 1.8.0_292 on WPF45D02X with PID 20872 (C:\DLTE_JavaFullStack-Annapoorna2024\DLTE_SPRING\xsdsoapweb1154\target\classes started by xxpaiija in C:\DLTE_JavaFullStack-Annapoorna2024\DLTE_SPRING\xsdsoapweb1154)
[0;39m[31m2024-03-29 12:22:29,146[0;39m [32m[INFO][0;39m jdbc.soapweb.Xsdsoapwebservice1154Application restartedMain [32mNo active profile set, falling back to 1 default profile: "default"
[0;39m[31m2024-03-29 12:22:29,285[0;39m [32m[INFO][0;39m org.springframework.data.repository.config.RepositoryConfigurationDelegate restartedMain [32mBootstrapping Spring Data JDBC repositories in DEFAULT mode.
[0;39m[31m2024-03-29 12:22:29,285[0;39m [32m[INFO][0;39m org.springframework.data.repository.config.RepositoryConfigurationDelegate restartedMain [32mFinished Spring Data repository scanning in 1 ms. Found 0 JDBC repository interfaces.
[0;39m[31m2024-03-29 12:22:29,301[0;39m [32m[INFO][0;39m org.springframework.context.support.PostProcessorRegistrationDelegate$BeanPostProcessorChecker restartedMain [32mBean 'soapServiceConfiguration' of type [jdbc.soapweb.configurations.SoapServiceConfiguration$$EnhancerBySpringCGLIB$$fd4b75ec] is not eligible for getting processed by all BeanPostProcessors (for example: not eligible for auto-proxying)
[0;39m[31m2024-03-29 12:22:29,301[0;39m [32m[INFO][0;39m org.springframework.context.support.PostProcessorRegistrationDelegate$BeanPostProcessorChecker restartedMain [32mBean 'org.springframework.ws.config.annotation.DelegatingWsConfiguration' of type [org.springframework.ws.config.annotation.DelegatingWsConfiguration$$EnhancerBySpringCGLIB$$96271ec1] is not eligible for getting processed by all BeanPostProcessors (for example: not eligible for auto-proxying)
[0;39m[31m2024-03-29 12:22:29,316[0;39m [32m[INFO][0;39m org.springframework.ws.soap.addressing.server.AnnotationActionEndpointMapping restartedMain [32mSupporting [WS-Addressing August 2004, WS-Addressing 1.0]
[0;39m[31m2024-03-29 12:22:29,332[0;39m [32m[INFO][0;39m org.springframework.boot.web.embedded.tomcat.TomcatWebServer restartedMain [32mTomcat initialized with port(s): 2000 (http)
[0;39m[31m2024-03-29 12:22:29,332[0;39m [32m[INFO][0;39m org.apache.catalina.core.StandardService restartedMain [32mStarting service [Tomcat]
[0;39m[31m2024-03-29 12:22:29,332[0;39m [32m[INFO][0;39m org.apache.catalina.core.StandardEngine restartedMain [32mStarting Servlet engine: [Apache Tomcat/9.0.73]
[0;39m[31m2024-03-29 12:22:29,348[0;39m [32m[INFO][0;39m org.apache.catalina.core.ContainerBase.[Tomcat-1].[localhost].[/] restartedMain [32mInitializing Spring embedded WebApplicationContext
[0;39m[31m2024-03-29 12:22:29,348[0;39m [32m[INFO][0;39m org.springframework.boot.web.servlet.context.ServletWebServerApplicationContext restartedMain [32mRoot WebApplicationContext: initialization completed in 202 ms
[0;39m[31m2024-03-29 12:22:29,458[0;39m [32m[INFO][0;39m com.zaxxer.hikari.HikariDataSource restartedMain [32mHikariPool-2 - Starting...
[0;39m[31m2024-03-29 12:22:29,458[0;39m [32m[WARN][0;39m com.zaxxer.hikari.util.DriverDataSource restartedMain [32mRegistered driver with driverClassName=oracle.jdbc.driver.OracleDriver was not found, trying direct instantiation.
[0;39m[31m2024-03-29 12:22:29,489[0;39m [32m[INFO][0;39m com.zaxxer.hikari.pool.PoolBase restartedMain [32mHikariPool-2 - Driver does not support get/set network timeout for connections. (oracle.jdbc.driver.T4CConnection.getNetworkTimeout()I)
[0;39m[31m2024-03-29 12:22:29,489[0;39m [32m[INFO][0;39m com.zaxxer.hikari.HikariDataSource restartedMain [32mHikariPool-2 - Start completed.
[0;39m[31m2024-03-29 12:22:29,489[0;39m [32m[INFO][0;39m org.springframework.boot.devtools.autoconfigure.OptionalLiveReloadServer restartedMain [32mLiveReload server is running on port 35729
[0;39m[31m2024-03-29 12:22:29,513[0;39m [32m[INFO][0;39m org.springframework.boot.web.embedded.tomcat.TomcatWebServer restartedMain [32mTomcat started on port(s): 2000 (http) with context path ''
[0;39m[31m2024-03-29 12:22:29,513[0;39m [32m[INFO][0;39m jdbc.soapweb.Xsdsoapwebservice1154Application restartedMain [32mStarted Xsdsoapwebservice1154Application in 0.4 seconds (JVM running for 608.626)
[0;39m[31m2024-03-29 12:22:29,513[0;39m [32m[INFO][0;39m org.springframework.boot.devtools.autoconfigure.ConditionEvaluationDeltaLoggingListener restartedMain [32mCondition evaluation unchanged
[0;39m[31m2024-03-29 12:22:30,056[0;39m [32m[INFO][0;39m jdbc.soapweb.Xsdsoapwebservice1154ApplicationTests main [32mStarting Xsdsoapwebservice1154ApplicationTests using Java 1.8.0_292 on WPF45D02X with PID 20760 (started by xxpaiija in C:\DLTE_JavaFullStack-Annapoorna2024\DLTE_SPRING\xsdsoapweb1154)
[0;39m[31m2024-03-29 12:22:30,056[0;39m [32m[INFO][0;39m jdbc.soapweb.Xsdsoapwebservice1154ApplicationTests main [32mNo active profile set, falling back to 1 default profile: "default"
[0;39m[31m2024-03-29 12:22:30,560[0;39m [32m[INFO][0;39m org.springframework.data.repository.config.RepositoryConfigurationDelegate main [32mBootstrapping Spring Data JDBC repositories in DEFAULT mode.
[0;39m[31m2024-03-29 12:22:30,578[0;39m [32m[INFO][0;39m org.springframework.data.repository.config.RepositoryConfigurationDelegate main [32mFinished Spring Data repository scanning in 6 ms. Found 0 JDBC repository interfaces.
[0;39m[31m2024-03-29 12:22:30,765[0;39m [32m[INFO][0;39m org.springframework.context.support.PostProcessorRegistrationDelegate$BeanPostProcessorChecker main [32mBean 'soapServiceConfiguration' of type [jdbc.soapweb.configurations.SoapServiceConfiguration$$EnhancerBySpringCGLIB$$2a05939d] is not eligible for getting processed by all BeanPostProcessors (for example: not eligible for auto-proxying)
[0;39m[31m2024-03-29 12:22:30,765[0;39m [32m[INFO][0;39m org.springframework.context.support.PostProcessorRegistrationDelegate$BeanPostProcessorChecker main [32mBean 'org.springframework.ws.config.annotation.DelegatingWsConfiguration' of type [org.springframework.ws.config.annotation.DelegatingWsConfiguration$$EnhancerBySpringCGLIB$$c2e13c72] is not eligible for getting processed by all BeanPostProcessors (for example: not eligible for auto-proxying)
[0;39m[31m2024-03-29 12:22:30,813[0;39m [32m[INFO][0;39m org.springframework.ws.soap.addressing.server.AnnotationActionEndpointMapping main [32mSupporting [WS-Addressing August 2004, WS-Addressing 1.0]
[0;39m[31m2024-03-29 12:22:32,101[0;39m [32m[INFO][0;39m com.zaxxer.hikari.HikariDataSource main [32mHikariPool-1 - Starting...
[0;39m[31m2024-03-29 12:22:32,117[0;39m [32m[WARN][0;39m com.zaxxer.hikari.util.DriverDataSource main [32mRegistered driver with driverClassName=oracle.jdbc.driver.OracleDriver was not found, trying direct instantiation.
[0;39m[31m2024-03-29 12:22:32,732[0;39m [32m[INFO][0;39m com.zaxxer.hikari.pool.PoolBase main [32mHikariPool-1 - Driver does not support get/set network timeout for connections. (oracle.jdbc.driver.T4CConnection.getNetworkTimeout()I)
[0;39m[31m2024-03-29 12:22:32,747[0;39m [32m[INFO][0;39m com.zaxxer.hikari.HikariDataSource main [32mHikariPool-1 - Start completed.
[0;39m[31m2024-03-29 12:22:33,202[0;39m [32m[INFO][0;39m jdbc.soapweb.Xsdsoapwebservice1154ApplicationTests main [32mStarted Xsdsoapwebservice1154ApplicationTests in 3.403 seconds (JVM running for 4.311)
[0;39m[31m2024-03-29 12:22:33,584[0;39m [32m[INFO][0;39m com.zaxxer.hikari.HikariDataSource SpringApplicationShutdownHook [32mHikariPool-1 - Shutdown initiated...
[0;39m[31m2024-03-29 12:22:33,596[0;39m [32m[INFO][0;39m com.zaxxer.hikari.HikariDataSource SpringApplicationShutdownHook [32mHikariPool-1 - Shutdown completed.
[0;39m[31m2024-03-29 12:22:53,285[0;39m [32m[INFO][0;39m jdbc.soapweb.Xsdsoapwebservice1154Application restartedMain [32mStarting Xsdsoapwebservice1154Application using Java 1.8.0_292 on WPF45D02X with PID 6624 (C:\DLTE_JavaFullStack-Annapoorna2024\DLTE_SPRING\xsdsoapweb1154\target\classes started by xxpaiija in C:\DLTE_JavaFullStack-Annapoorna2024\DLTE_SPRING\xsdsoapweb1154)
[0;39m[31m2024-03-29 12:22:53,285[0;39m [32m[INFO][0;39m jdbc.soapweb.Xsdsoapwebservice1154Application restartedMain [32mNo active profile set, falling back to 1 default profile: "default"
[0;39m[31m2024-03-29 12:22:53,333[0;39m [32m[INFO][0;39m org.springframework.boot.devtools.restart.ChangeableUrls restartedMain [32mThe Class-Path manifest attribute in C:\Users\xxpaiija\.m2\repository\com\oracle\database\security\oraclepki\21.5.0.0\oraclepki-21.5.0.0.jar referenced one or more files that do not exist: file:/C:/Users/xxpaiija/.m2/repository/com/oracle/database/security/oraclepki/21.5.0.0/osdt_core.jar,file:/C:/Users/xxpaiija/.m2/repository/com/oracle/database/security/oraclepki/21.5.0.0/osdt_cert.jar,file:/C:/Users/xxpaiija/.m2/repository/com/oracle/database/security/oraclepki/oracle.osdt/osdt_core.jar,file:/C:/Users/xxpaiija/.m2/repository/com/oracle/database/security/oraclepki/oracle.osdt/osdt_cert.jar
[0;39m[31m2024-03-29 12:22:53,333[0;39m [32m[INFO][0;39m org.springframework.boot.devtools.env.DevToolsPropertyDefaultsPostProcessor restartedMain [32mDevtools property defaults active! Set 'spring.devtools.add-properties' to 'false' to disable
[0;39m[31m2024-03-29 12:22:53,333[0;39m [32m[INFO][0;39m org.springframework.boot.devtools.env.DevToolsPropertyDefaultsPostProcessor restartedMain [32mFor additional web related logging consider setting the 'logging.level.web' property to 'DEBUG'
[0;39m[31m2024-03-29 12:22:53,821[0;39m [32m[INFO][0;39m org.springframework.data.repository.config.RepositoryConfigurationDelegate restartedMain [32mBootstrapping Spring Data JDBC repositories in DEFAULT mode.
[0;39m[31m2024-03-29 12:22:53,821[0;39m [32m[INFO][0;39m org.springframework.data.repository.config.RepositoryConfigurationDelegate restartedMain [32mFinished Spring Data repository scanning in 4 ms. Found 0 JDBC repository interfaces.
[0;39m[31m2024-03-29 12:22:53,947[0;39m [32m[INFO][0;39m org.springframework.context.support.PostProcessorRegistrationDelegate$BeanPostProcessorChecker restartedMain [32mBean 'soapServiceConfiguration' of type [jdbc.soapweb.configurations.SoapServiceConfiguration$$EnhancerBySpringCGLIB$$caf3c0ff] is not eligible for getting processed by all BeanPostProcessors (for example: not eligible for auto-proxying)
[0;39m[31m2024-03-29 12:22:53,947[0;39m [32m[INFO][0;39m org.springframework.context.support.PostProcessorRegistrationDelegate$BeanPostProcessorChecker restartedMain [32mBean 'org.springframework.ws.config.annotation.DelegatingWsConfiguration' of type [org.springframework.ws.config.annotation.DelegatingWsConfiguration$$EnhancerBySpringCGLIB$$63cf69d4] is not eligible for getting processed by all BeanPostProcessors (for example: not eligible for auto-proxying)
[0;39m[31m2024-03-29 12:22:53,978[0;39m [32m[INFO][0;39m org.springframework.ws.soap.addressing.server.AnnotationActionEndpointMapping restartedMain [32mSupporting [WS-Addressing August 2004, WS-Addressing 1.0]
[0;39m[31m2024-03-29 12:22:54,182[0;39m [32m[INFO][0;39m org.springframework.boot.web.embedded.tomcat.TomcatWebServer restartedMain [32mTomcat initialized with port(s): 2000 (http)
[0;39m[31m2024-03-29 12:22:54,198[0;39m [32m[INFO][0;39m org.apache.catalina.core.StandardService restartedMain [32mStarting service [Tomcat]
[0;39m[31m2024-03-29 12:22:54,198[0;39m [32m[INFO][0;39m org.apache.catalina.core.StandardEngine restartedMain [32mStarting Servlet engine: [Apache Tomcat/9.0.73]
[0;39m[31m2024-03-29 12:22:54,246[0;39m [32m[INFO][0;39m org.apache.catalina.core.ContainerBase.[Tomcat].[localhost].[/] restartedMain [32mInitializing Spring embedded WebApplicationContext
[0;39m[31m2024-03-29 12:22:54,246[0;39m [32m[INFO][0;39m org.springframework.boot.web.servlet.context.ServletWebServerApplicationContext restartedMain [32mRoot WebApplicationContext: initialization completed in 913 ms
[0;39m[31m2024-03-29 12:22:54,591[0;39m [32m[INFO][0;39m com.zaxxer.hikari.HikariDataSource restartedMain [32mHikariPool-1 - Starting...
[0;39m[31m2024-03-29 12:22:54,591[0;39m [32m[WARN][0;39m com.zaxxer.hikari.util.DriverDataSource restartedMain [32mRegistered driver with driverClassName=oracle.jdbc.driver.OracleDriver was not found, trying direct instantiation.
[0;39m[31m2024-03-29 12:22:54,654[0;39m [32m[INFO][0;39m com.zaxxer.hikari.pool.PoolBase restartedMain [32mHikariPool-1 - Driver does not support get/set network timeout for connections. (oracle.jdbc.driver.T4CConnection.getNetworkTimeout()I)
[0;39m[31m2024-03-29 12:22:54,654[0;39m [32m[INFO][0;39m com.zaxxer.hikari.HikariDataSource restartedMain [32mHikariPool-1 - Start completed.
[0;39m[31m2024-03-29 12:22:54,733[0;39m [32m[INFO][0;39m org.springframework.boot.devtools.autoconfigure.OptionalLiveReloadServer restartedMain [32mLiveReload server is running on port 35729
[0;39m[31m2024-03-29 12:22:54,748[0;39m [32m[INFO][0;39m org.springframework.boot.web.embedded.tomcat.TomcatWebServer restartedMain [32mTomcat started on port(s): 2000 (http) with context path ''
[0;39m[31m2024-03-29 12:22:54,748[0;39m [32m[INFO][0;39m jdbc.soapweb.Xsdsoapwebservice1154Application restartedMain [32mStarted Xsdsoapwebservice1154Application in 1.88 seconds (JVM running for 2.599)
[0;39m[31m2024-03-29 12:23:17,829[0;39m [32m[INFO][0;39m org.apache.catalina.core.ContainerBase.[Tomcat].[localhost].[/] http-nio-2000-exec-1 [32mInitializing Spring MessageDispatcherServlet 'messageDispatcherServlet'
[0;39m[31m2024-03-29 12:23:17,830[0;39m [32m[INFO][0;39m org.springframework.ws.transport.http.MessageDispatcherServlet http-nio-2000-exec-1 [32mInitializing Servlet 'messageDispatcherServlet'
[0;39m[31m2024-03-29 12:23:17,834[0;39m [32m[INFO][0;39m org.springframework.ws.soap.saaj.SaajSoapMessageFactory http-nio-2000-exec-1 [32mCreating SAAJ 1.3 MessageFactory with SOAP 1.1 Protocol
[0;39m[31m2024-03-29 12:23:17,845[0;39m [32m[INFO][0;39m org.springframework.ws.transport.http.MessageDispatcherServlet http-nio-2000-exec-1 [32mCompleted initialization in 15 ms
[0;39m[31m2024-03-29 14:35:03,941[0;39m [32m[WARN][0;39m com.zaxxer.hikari.pool.HikariPool HikariPool-1 housekeeper [32mHikariPool-1 - Thread starvation or clock leap detected (housekeeper delta=1h33m8s590ms407µs800ns).
[0;39m[31m2024-03-29 14:40:34,155[0;39m [32m[INFO][0;39m org.springframework.boot.devtools.autoconfigure.LocalDevToolsAutoConfiguration$RestartingClassPathChangeChangedEventListener File Watcher [32mRestarting due to 24 class path changes (0 additions, 24 deletions, 0 modifications)
[0;39m[31m2024-03-29 14:40:34,416[0;39m [32m[INFO][0;39m org.apache.catalina.core.StandardService Thread-10 [32mStopping service [Tomcat]
[0;39m[31m2024-03-29 14:40:34,416[0;39m [32m[INFO][0;39m org.apache.catalina.core.ContainerBase.[Tomcat].[localhost].[/] Thread-10 [32mDestroying Spring FrameworkServlet 'messageDispatcherServlet'
[0;39m[31m2024-03-29 14:40:34,431[0;39m [32m[INFO][0;39m com.zaxxer.hikari.HikariDataSource Thread-10 [32mHikariPool-1 - Shutdown initiated...
[0;39m[31m2024-03-29 14:40:34,455[0;39m [32m[INFO][0;39m com.zaxxer.hikari.HikariDataSource Thread-10 [32mHikariPool-1 - Shutdown completed.
[0;39m[31m2024-03-29 14:40:37,331[0;39m [32m[INFO][0;39m jdbc.soapweb.Xsdsoapwebservice1154Application restartedMain [32mStarting Xsdsoapwebservice1154Application using Java 1.8.0_292 on WPF45D02X with PID 6624 (C:\DLTE_JavaFullStack-Annapoorna2024\DLTE_SPRING\xsdsoapweb1154\target\classes started by xxpaiija in C:\DLTE_JavaFullStack-Annapoorna2024\DLTE_SPRING\xsdsoapweb1154)
[0;39m[31m2024-03-29 14:40:37,331[0;39m [32m[INFO][0;39m jdbc.soapweb.Xsdsoapwebservice1154Application restartedMain [32mNo active profile set, falling back to 1 default profile: "default"
[0;39m[31m2024-03-29 14:40:37,551[0;39m [32m[INFO][0;39m org.springframework.data.repository.config.RepositoryConfigurationDelegate restartedMain [32mBootstrapping Spring Data JDBC repositories in DEFAULT mode.
[0;39m[31m2024-03-29 14:40:37,557[0;39m [32m[INFO][0;39m org.springframework.data.repository.config.RepositoryConfigurationDelegate restartedMain [32mFinished Spring Data repository scanning in 6 ms. Found 0 JDBC repository interfaces.
[0;39m[31m2024-03-29 14:40:37,612[0;39m [32m[INFO][0;39m org.springframework.context.support.PostProcessorRegistrationDelegate$BeanPostProcessorChecker restartedMain [32mBean 'soapServiceConfiguration' of type [jdbc.soapweb.configurations.SoapServiceConfiguration$$EnhancerBySpringCGLIB$$caf3c0ff] is not eligible for getting processed by all BeanPostProcessors (for example: not eligible for auto-proxying)
[0;39m[31m2024-03-29 14:40:37,612[0;39m [32m[INFO][0;39m org.springframework.context.support.PostProcessorRegistrationDelegate$BeanPostProcessorChecker restartedMain [32mBean 'org.springframework.ws.config.annotation.DelegatingWsConfiguration' of type [org.springframework.ws.config.annotation.DelegatingWsConfiguration$$EnhancerBySpringCGLIB$$63cf69d4] is not eligible for getting processed by all BeanPostProcessors (for example: not eligible for auto-proxying)
[0;39m[31m2024-03-29 14:40:37,614[0;39m [32m[INFO][0;39m org.springframework.ws.soap.addressing.server.AnnotationActionEndpointMapping restartedMain [32mSupporting [WS-Addressing August 2004, WS-Addressing 1.0]
[0;39m[31m2024-03-29 14:40:37,661[0;39m [32m[INFO][0;39m org.springframework.boot.web.embedded.tomcat.TomcatWebServer restartedMain [32mTomcat initialized with port(s): 2000 (http)
[0;39m[31m2024-03-29 14:40:37,661[0;39m [32m[INFO][0;39m org.apache.catalina.core.StandardService restartedMain [32mStarting service [Tomcat]
[0;39m[31m2024-03-29 14:40:37,661[0;39m [32m[INFO][0;39m org.apache.catalina.core.StandardEngine restartedMain [32mStarting Servlet engine: [Apache Tomcat/9.0.73]
[0;39m[31m2024-03-29 14:40:37,676[0;39m [32m[INFO][0;39m org.apache.catalina.core.ContainerBase.[Tomcat-1].[localhost].[/] restartedMain [32mInitializing Spring embedded WebApplicationContext
[0;39m[31m2024-03-29 14:40:37,676[0;39m [32m[INFO][0;39m org.springframework.boot.web.servlet.context.ServletWebServerApplicationContext restartedMain [32mRoot WebApplicationContext: initialization completed in 345 ms
[0;39m[31m2024-03-29 14:40:37,835[0;39m [32m[INFO][0;39m com.zaxxer.hikari.HikariDataSource restartedMain [32mHikariPool-2 - Starting...
[0;39m[31m2024-03-29 14:40:37,835[0;39m [32m[WARN][0;39m com.zaxxer.hikari.util.DriverDataSource restartedMain [32mRegistered driver with driverClassName=oracle.jdbc.driver.OracleDriver was not found, trying direct instantiation.
[0;39m[31m2024-03-29 14:40:37,867[0;39m [32m[INFO][0;39m com.zaxxer.hikari.pool.PoolBase restartedMain [32mHikariPool-2 - Driver does not support get/set network timeout for connections. (oracle.jdbc.driver.T4CConnection.getNetworkTimeout()I)
[0;39m[31m2024-03-29 14:40:37,867[0;39m [32m[INFO][0;39m com.zaxxer.hikari.HikariDataSource restartedMain [32mHikariPool-2 - Start completed.
[0;39m[31m2024-03-29 14:40:37,907[0;39m [32m[INFO][0;39m org.springframework.boot.devtools.autoconfigure.OptionalLiveReloadServer restartedMain [32mLiveReload server is running on port 35729
[0;39m[31m2024-03-29 14:40:37,922[0;39m [32m[INFO][0;39m org.springframework.boot.web.embedded.tomcat.TomcatWebServer restartedMain [32mTomcat started on port(s): 2000 (http) with context path ''
[0;39m[31m2024-03-29 14:40:37,926[0;39m [32m[INFO][0;39m jdbc.soapweb.Xsdsoapwebservice1154Application restartedMain [32mStarted Xsdsoapwebservice1154Application in 0.635 seconds (JVM running for 8265.764)
[0;39m[31m2024-03-29 14:40:37,929[0;39m [32m[INFO][0;39m org.springframework.boot.devtools.autoconfigure.ConditionEvaluationDeltaLoggingListener restartedMain [32mCondition evaluation unchanged
[0;39m[31m2024-03-29 14:40:39,979[0;39m [32m[INFO][0;39m jdbc.soapweb.Xsdsoapwebservice1154ApplicationTests main [32mStarting Xsdsoapwebservice1154ApplicationTests using Java 1.8.0_292 on WPF45D02X with PID 23688 (started by xxpaiija in C:\DLTE_JavaFullStack-Annapoorna2024\DLTE_SPRING\xsdsoapweb1154)
[0;39m[31m2024-03-29 14:40:39,996[0;39m [32m[INFO][0;39m jdbc.soapweb.Xsdsoapwebservice1154ApplicationTests main [32mNo active profile set, falling back to 1 default profile: "default"
[0;39m[31m2024-03-29 14:40:40,880[0;39m [32m[INFO][0;39m org.springframework.data.repository.config.RepositoryConfigurationDelegate main [32mBootstrapping Spring Data JDBC repositories in DEFAULT mode.
[0;39m[31m2024-03-29 14:40:40,893[0;39m [32m[INFO][0;39m org.springframework.data.repository.config.RepositoryConfigurationDelegate main [32mFinished Spring Data repository scanning in 14 ms. Found 0 JDBC repository interfaces.
[0;39m[31m2024-03-29 14:40:41,217[0;39m [32m[INFO][0;39m org.springframework.context.support.PostProcessorRegistrationDelegate$BeanPostProcessorChecker main [32mBean 'soapServiceConfiguration' of type [jdbc.soapweb.configurations.SoapServiceConfiguration$$EnhancerBySpringCGLIB$$8808b2fb] is not eligible for getting processed by all BeanPostProcessors (for example: not eligible for auto-proxying)
[0;39m[31m2024-03-29 14:40:41,224[0;39m [32m[INFO][0;39m org.springframework.context.support.PostProcessorRegistrationDelegate$BeanPostProcessorChecker main [32mBean 'org.springframework.ws.config.annotation.DelegatingWsConfiguration' of type [org.springframework.ws.config.annotation.DelegatingWsConfiguration$$EnhancerBySpringCGLIB$$20e45bd0] is not eligible for getting processed by all BeanPostProcessors (for example: not eligible for auto-proxying)
[0;39m[31m2024-03-29 14:40:41,271[0;39m [32m[INFO][0;39m org.springframework.ws.soap.addressing.server.AnnotationActionEndpointMapping main [32mSupporting [WS-Addressing August 2004, WS-Addressing 1.0]
[0;39m[31m2024-03-29 14:40:43,053[0;39m [32m[INFO][0;39m com.zaxxer.hikari.HikariDataSource main [32mHikariPool-1 - Starting...
[0;39m[31m2024-03-29 14:40:43,068[0;39m [32m[WARN][0;39m com.zaxxer.hikari.util.DriverDataSource main [32mRegistered driver with driverClassName=oracle.jdbc.driver.OracleDriver was not found, trying direct instantiation.
[0;39m[31m2024-03-29 14:40:43,528[0;39m [32m[INFO][0;39m com.zaxxer.hikari.pool.PoolBase main [32mHikariPool-1 - Driver does not support get/set network timeout for connections. (oracle.jdbc.driver.T4CConnection.getNetworkTimeout()I)
[0;39m[31m2024-03-29 14:40:43,544[0;39m [32m[INFO][0;39m com.zaxxer.hikari.HikariDataSource main [32mHikariPool-1 - Start completed.
[0;39m[31m2024-03-29 14:40:43,893[0;39m [32m[INFO][0;39m jdbc.soapweb.Xsdsoapwebservice1154ApplicationTests main [32mStarted Xsdsoapwebservice1154ApplicationTests in 4.528 seconds (JVM running for 6.224)
[0;39m[31m2024-03-29 14:40:44,367[0;39m [32m[INFO][0;39m com.zaxxer.hikari.HikariDataSource SpringApplicationShutdownHook [32mHikariPool-1 - Shutdown initiated...
[0;39m[31m2024-03-29 14:40:44,397[0;39m [32m[INFO][0;39m com.zaxxer.hikari.HikariDataSource SpringApplicationShutdownHook [32mHikariPool-1 - Shutdown completed.
[0;39m[31m2024-03-29 14:40:56,516[0;39m [32m[INFO][0;39m jdbc.soapweb.Xsdsoapwebservice1154Application restartedMain [32mStarting Xsdsoapwebservice1154Application using Java 1.8.0_292 on WPF45D02X with PID 24052 (C:\DLTE_JavaFullStack-Annapoorna2024\DLTE_SPRING\xsdsoapweb1154\target\classes started by xxpaiija in C:\DLTE_JavaFullStack-Annapoorna2024\DLTE_SPRING\xsdsoapweb1154)
[0;39m[31m2024-03-29 14:40:56,516[0;39m [32m[INFO][0;39m jdbc.soapweb.Xsdsoapwebservice1154Application restartedMain [32mNo active profile set, falling back to 1 default profile: "default"
[0;39m[31m2024-03-29 14:40:56,626[0;39m [32m[INFO][0;39m org.springframework.boot.devtools.restart.ChangeableUrls restartedMain [32mThe Class-Path manifest attribute in C:\Users\xxpaiija\.m2\repository\com\oracle\database\security\oraclepki\21.5.0.0\oraclepki-21.5.0.0.jar referenced one or more files that do not exist: file:/C:/Users/xxpaiija/.m2/repository/com/oracle/database/security/oraclepki/21.5.0.0/osdt_core.jar,file:/C:/Users/xxpaiija/.m2/repository/com/oracle/database/security/oraclepki/21.5.0.0/osdt_cert.jar,file:/C:/Users/xxpaiija/.m2/repository/com/oracle/database/security/oraclepki/oracle.osdt/osdt_core.jar,file:/C:/Users/xxpaiija/.m2/repository/com/oracle/database/security/oraclepki/oracle.osdt/osdt_cert.jar
[0;39m[31m2024-03-29 14:40:56,626[0;39m [32m[INFO][0;39m org.springframework.boot.devtools.env.DevToolsPropertyDefaultsPostProcessor restartedMain [32mDevtools property defaults active! Set 'spring.devtools.add-properties' to 'false' to disable
[0;39m[31m2024-03-29 14:40:56,626[0;39m [32m[INFO][0;39m org.springframework.boot.devtools.env.DevToolsPropertyDefaultsPostProcessor restartedMain [32mFor additional web related logging consider setting the 'logging.level.web' property to 'DEBUG'
[0;39m[31m2024-03-29 14:40:57,469[0;39m [32m[INFO][0;39m org.springframework.data.repository.config.RepositoryConfigurationDelegate restartedMain [32mBootstrapping Spring Data JDBC repositories in DEFAULT mode.
[0;39m[31m2024-03-29 14:40:57,491[0;39m [32m[INFO][0;39m org.springframework.data.repository.config.RepositoryConfigurationDelegate restartedMain [32mFinished Spring Data repository scanning in 12 ms. Found 0 JDBC repository interfaces.
[0;39m[31m2024-03-29 14:40:57,746[0;39m [32m[INFO][0;39m org.springframework.context.support.PostProcessorRegistrationDelegate$BeanPostProcessorChecker restartedMain [32mBean 'soapServiceConfiguration' of type [jdbc.soapweb.configurations.SoapServiceConfiguration$$EnhancerBySpringCGLIB$$91eef712] is not eligible for getting processed by all BeanPostProcessors (for example: not eligible for auto-proxying)
[0;39m[31m2024-03-29 14:40:57,746[0;39m [32m[INFO][0;39m org.springframework.context.support.PostProcessorRegistrationDelegate$BeanPostProcessorChecker restartedMain [32mBean 'org.springframework.ws.config.annotation.DelegatingWsConfiguration' of type [org.springframework.ws.config.annotation.DelegatingWsConfiguration$$EnhancerBySpringCGLIB$$2aca9fe7] is not eligible for getting processed by all BeanPostProcessors (for example: not eligible for auto-proxying)
[0;39m[31m2024-03-29 14:40:57,808[0;39m [32m[INFO][0;39m org.springframework.ws.soap.addressing.server.AnnotationActionEndpointMapping restartedMain [32mSupporting [WS-Addressing August 2004, WS-Addressing 1.0]
[0;39m[31m2024-03-29 14:40:58,311[0;39m [32m[INFO][0;39m org.springframework.boot.web.embedded.tomcat.TomcatWebServer restartedMain [32mTomcat initialized with port(s): 2000 (http)
[0;39m[31m2024-03-29 14:40:58,311[0;39m [32m[INFO][0;39m org.apache.catalina.core.StandardService restartedMain [32mStarting service [Tomcat]
[0;39m[31m2024-03-29 14:40:58,311[0;39m [32m[INFO][0;39m org.apache.catalina.core.StandardEngine restartedMain [32mStarting Servlet engine: [Apache Tomcat/9.0.73]
[0;39m[31m2024-03-29 14:40:58,421[0;39m [32m[INFO][0;39m org.apache.catalina.core.ContainerBase.[Tomcat].[localhost].[/] restartedMain [32mInitializing Spring embedded WebApplicationContext
[0;39m[31m2024-03-29 14:40:58,421[0;39m [32m[INFO][0;39m org.springframework.boot.web.servlet.context.ServletWebServerApplicationContext restartedMain [32mRoot WebApplicationContext: initialization completed in 1795 ms
[0;39m[31m2024-03-29 14:40:59,132[0;39m [32m[INFO][0;39m com.zaxxer.hikari.HikariDataSource restartedMain [32mHikariPool-1 - Starting...
[0;39m[31m2024-03-29 14:40:59,142[0;39m [32m[WARN][0;39m com.zaxxer.hikari.util.DriverDataSource restartedMain [32mRegistered driver with driverClassName=oracle.jdbc.driver.OracleDriver was not found, trying direct instantiation.
[0;39m[31m2024-03-29 14:40:59,243[0;39m [32m[INFO][0;39m com.zaxxer.hikari.pool.PoolBase restartedMain [32mHikariPool-1 - Driver does not support get/set network timeout for connections. (oracle.jdbc.driver.T4CConnection.getNetworkTimeout()I)
[0;39m[31m2024-03-29 14:40:59,243[0;39m [32m[INFO][0;39m com.zaxxer.hikari.HikariDataSource restartedMain [32mHikariPool-1 - Start completed.
[0;39m[31m2024-03-29 14:40:59,386[0;39m [32m[INFO][0;39m org.springframework.boot.devtools.autoconfigure.OptionalLiveReloadServer restartedMain [32mLiveReload server is running on port 35729
[0;39m[31m2024-03-29 14:40:59,432[0;39m [32m[INFO][0;39m org.springframework.boot.web.embedded.tomcat.TomcatWebServer restartedMain [32mTomcat started on port(s): 2000 (http) with context path ''
[0;39m[31m2024-03-29 14:40:59,442[0;39m [32m[INFO][0;39m jdbc.soapweb.Xsdsoapwebservice1154Application restartedMain [32mStarted Xsdsoapwebservice1154Application in 3.444 seconds (JVM running for 4.735)
[0;39m[31m2024-03-29 14:41:09,636[0;39m [32m[INFO][0;39m org.apache.catalina.core.ContainerBase.[Tomcat].[localhost].[/] http-nio-2000-exec-1 [32mInitializing Spring MessageDispatcherServlet 'messageDispatcherServlet'
[0;39m[31m2024-03-29 14:41:09,637[0;39m [32m[INFO][0;39m org.springframework.ws.transport.http.MessageDispatcherServlet http-nio-2000-exec-1 [32mInitializing Servlet 'messageDispatcherServlet'
[0;39m[31m2024-03-29 14:41:09,643[0;39m [32m[INFO][0;39m org.springframework.ws.soap.saaj.SaajSoapMessageFactory http-nio-2000-exec-1 [32mCreating SAAJ 1.3 MessageFactory with SOAP 1.1 Protocol
[0;39m[31m2024-03-29 14:41:09,666[0;39m [32m[INFO][0;39m org.springframework.ws.transport.http.MessageDispatcherServlet http-nio-2000-exec-1 [32mCompleted initialization in 29 ms
[0;39m[31m2024-03-29 14:45:55,034[0;39m [32m[INFO][0;39m org.springframework.boot.devtools.autoconfigure.LocalDevToolsAutoConfiguration$RestartingClassPathChangeChangedEventListener File Watcher [32mRestarting due to 24 class path changes (0 additions, 24 deletions, 0 modifications)
[0;39m[31m2024-03-29 14:45:55,272[0;39m [32m[INFO][0;39m org.apache.catalina.core.StandardService Thread-14 [32mStopping service [Tomcat]
[0;39m[31m2024-03-29 14:45:55,272[0;39m [32m[INFO][0;39m org.apache.catalina.core.ContainerBase.[Tomcat].[localhost].[/] Thread-14 [32mDestroying Spring FrameworkServlet 'messageDispatcherServlet'
[0;39m[31m2024-03-29 14:45:55,286[0;39m [32m[INFO][0;39m com.zaxxer.hikari.HikariDataSource Thread-14 [32mHikariPool-1 - Shutdown initiated...
[0;39m[31m2024-03-29 14:45:55,306[0;39m [32m[INFO][0;39m com.zaxxer.hikari.HikariDataSource Thread-14 [32mHikariPool-1 - Shutdown completed.
[0;39m[31m2024-03-29 14:45:58,483[0;39m [32m[INFO][0;39m jdbc.soapweb.Xsdsoapwebservice1154Application restartedMain [32mStarting Xsdsoapwebservice1154Application using Java 1.8.0_292 on WPF45D02X with PID 24052 (C:\DLTE_JavaFullStack-Annapoorna2024\DLTE_SPRING\xsdsoapweb1154\target\classes started by xxpaiija in C:\DLTE_JavaFullStack-Annapoorna2024\DLTE_SPRING\xsdsoapweb1154)
[0;39m[31m2024-03-29 14:45:58,484[0;39m [32m[INFO][0;39m jdbc.soapweb.Xsdsoapwebservice1154Application restartedMain [32mNo active profile set, falling back to 1 default profile: "default"
[0;39m[31m2024-03-29 14:45:58,850[0;39m [32m[INFO][0;39m org.springframework.data.repository.config.RepositoryConfigurationDelegate restartedMain [32mBootstrapping Spring Data JDBC repositories in DEFAULT mode.
[0;39m[31m2024-03-29 14:45:58,855[0;39m [32m[INFO][0;39m org.springframework.data.repository.config.RepositoryConfigurationDelegate restartedMain [32mFinished Spring Data repository scanning in 5 ms. Found 0 JDBC repository interfaces.
[0;39m[31m2024-03-29 14:45:58,918[0;39m [32m[INFO][0;39m org.springframework.context.support.PostProcessorRegistrationDelegate$BeanPostProcessorChecker restartedMain [32mBean 'soapServiceConfiguration' of type [jdbc.soapweb.configurations.SoapServiceConfiguration$$EnhancerBySpringCGLIB$$91eef712] is not eligible for getting processed by all BeanPostProcessors (for example: not eligible for auto-proxying)
[0;39m[31m2024-03-29 14:45:58,918[0;39m [32m[INFO][0;39m org.springframework.context.support.PostProcessorRegistrationDelegate$BeanPostProcessorChecker restartedMain [32mBean 'org.springframework.ws.config.annotation.DelegatingWsConfiguration' of type [org.springframework.ws.config.annotation.DelegatingWsConfiguration$$EnhancerBySpringCGLIB$$2aca9fe7] is not eligible for getting processed by all BeanPostProcessors (for example: not eligible for auto-proxying)
[0;39m[31m2024-03-29 14:45:58,918[0;39m [32m[INFO][0;39m org.springframework.ws.soap.addressing.server.AnnotationActionEndpointMapping restartedMain [32mSupporting [WS-Addressing August 2004, WS-Addressing 1.0]
[0;39m[31m2024-03-29 14:45:58,981[0;39m [32m[INFO][0;39m org.springframework.boot.web.embedded.tomcat.TomcatWebServer restartedMain [32mTomcat initialized with port(s): 2000 (http)
[0;39m[31m2024-03-29 14:45:58,981[0;39m [32m[INFO][0;39m org.apache.catalina.core.StandardService restartedMain [32mStarting service [Tomcat]
[0;39m[31m2024-03-29 14:45:58,981[0;39m [32m[INFO][0;39m org.apache.catalina.core.StandardEngine restartedMain [32mStarting Servlet engine: [Apache Tomcat/9.0.73]
[0;39m[31m2024-03-29 14:45:59,013[0;39m [32m[INFO][0;39m org.apache.catalina.core.ContainerBase.[Tomcat-1].[localhost].[/] restartedMain [32mInitializing Spring embedded WebApplicationContext
[0;39m[31m2024-03-29 14:45:59,013[0;39m [32m[INFO][0;39m org.springframework.boot.web.servlet.context.ServletWebServerApplicationContext restartedMain [32mRoot WebApplicationContext: initialization completed in 524 ms
[0;39m[31m2024-03-29 14:45:59,268[0;39m [32m[INFO][0;39m com.zaxxer.hikari.HikariDataSource restartedMain [32mHikariPool-2 - Starting...
[0;39m[31m2024-03-29 14:45:59,268[0;39m [32m[WARN][0;39m com.zaxxer.hikari.util.DriverDataSource restartedMain [32mRegistered driver with driverClassName=oracle.jdbc.driver.OracleDriver was not found, trying direct instantiation.
[0;39m[31m2024-03-29 14:45:59,303[0;39m [32m[INFO][0;39m com.zaxxer.hikari.pool.PoolBase restartedMain [32mHikariPool-2 - Driver does not support get/set network timeout for connections. (oracle.jdbc.driver.T4CConnection.getNetworkTimeout()I)
[0;39m[31m2024-03-29 14:45:59,303[0;39m [32m[INFO][0;39m com.zaxxer.hikari.HikariDataSource restartedMain [32mHikariPool-2 - Start completed.
[0;39m[31m2024-03-29 14:45:59,331[0;39m [32m[INFO][0;39m org.springframework.boot.devtools.autoconfigure.OptionalLiveReloadServer restartedMain [32mLiveReload server is running on port 35729
[0;39m[31m2024-03-29 14:45:59,352[0;39m [32m[INFO][0;39m org.springframework.boot.web.embedded.tomcat.TomcatWebServer restartedMain [32mTomcat started on port(s): 2000 (http) with context path ''
[0;39m[31m2024-03-29 14:45:59,358[0;39m [32m[INFO][0;39m jdbc.soapweb.Xsdsoapwebservice1154Application restartedMain [32mStarted Xsdsoapwebservice1154Application in 0.935 seconds (JVM running for 304.645)
[0;39m[31m2024-03-29 14:45:59,358[0;39m [32m[INFO][0;39m org.springframework.boot.devtools.autoconfigure.ConditionEvaluationDeltaLoggingListener restartedMain [32mCondition evaluation unchanged
[0;39m[31m2024-03-29 14:46:01,319[0;39m [32m[INFO][0;39m jdbc.soapweb.Xsdsoapwebservice1154ApplicationTests main [32mStarting Xsdsoapwebservice1154ApplicationTests using Java 1.8.0_292 on WPF45D02X with PID 24524 (started by xxpaiija in C:\DLTE_JavaFullStack-Annapoorna2024\DLTE_SPRING\xsdsoapweb1154)
[0;39m[31m2024-03-29 14:46:01,322[0;39m [32m[INFO][0;39m jdbc.soapweb.Xsdsoapwebservice1154ApplicationTests main [32mNo active profile set, falling back to 1 default profile: "default"
[0;39m[31m2024-03-29 14:46:02,075[0;39m [32m[INFO][0;39m org.springframework.data.repository.config.RepositoryConfigurationDelegate main [32mBootstrapping Spring Data JDBC repositories in DEFAULT mode.
[0;39m[31m2024-03-29 14:46:02,091[0;39m [32m[INFO][0;39m org.springframework.data.repository.config.RepositoryConfigurationDelegate main [32mFinished Spring Data repository scanning in 14 ms. Found 0 JDBC repository interfaces.
[0;39m[31m2024-03-29 14:46:02,488[0;39m [32m[INFO][0;39m org.springframework.context.support.PostProcessorRegistrationDelegate$BeanPostProcessorChecker main [32mBean 'soapServiceConfiguration' of type [jdbc.soapweb.configurations.SoapServiceConfiguration$$EnhancerBySpringCGLIB$$4e1ebbd0] is not eligible for getting processed by all BeanPostProcessors (for example: not eligible for auto-proxying)
[0;39m[31m2024-03-29 14:46:02,488[0;39m [32m[INFO][0;39m org.springframework.context.support.PostProcessorRegistrationDelegate$BeanPostProcessorChecker main [32mBean 'org.springframework.ws.config.annotation.DelegatingWsConfiguration' of type [org.springframework.ws.config.annotation.DelegatingWsConfiguration$$EnhancerBySpringCGLIB$$e6fa64a5] is not eligible for getting processed by all BeanPostProcessors (for example: not eligible for auto-proxying)
[0;39m[31m2024-03-29 14:46:02,550[0;39m [32m[INFO][0;39m org.springframework.ws.soap.addressing.server.AnnotationActionEndpointMapping main [32mSupporting [WS-Addressing August 2004, WS-Addressing 1.0]
[0;39m[31m2024-03-29 14:46:04,220[0;39m [32m[INFO][0;39m com.zaxxer.hikari.HikariDataSource main [32mHikariPool-1 - Starting...
[0;39m[31m2024-03-29 14:46:04,220[0;39m [32m[WARN][0;39m com.zaxxer.hikari.util.DriverDataSource main [32mRegistered driver with driverClassName=oracle.jdbc.driver.OracleDriver was not found, trying direct instantiation.
[0;39m[31m2024-03-29 14:46:04,665[0;39m [32m[INFO][0;39m com.zaxxer.hikari.pool.PoolBase main [32mHikariPool-1 - Driver does not support get/set network timeout for connections. (oracle.jdbc.driver.T4CConnection.getNetworkTimeout()I)
[0;39m[31m2024-03-29 14:46:04,667[0;39m [32m[INFO][0;39m com.zaxxer.hikari.HikariDataSource main [32mHikariPool-1 - Start completed.
[0;39m[31m2024-03-29 14:46:05,027[0;39m [32m[INFO][0;39m jdbc.soapweb.Xsdsoapwebservice1154ApplicationTests main [32mStarted Xsdsoapwebservice1154ApplicationTests in 4.27 seconds (JVM running for 6.202)
[0;39m[31m2024-03-29 14:46:05,506[0;39m [32m[INFO][0;39m com.zaxxer.hikari.HikariDataSource SpringApplicationShutdownHook [32mHikariPool-1 - Shutdown initiated...
[0;39m[31m2024-03-29 14:46:05,544[0;39m [32m[INFO][0;39m com.zaxxer.hikari.HikariDataSource SpringApplicationShutdownHook [32mHikariPool-1 - Shutdown completed.
[0;39m[31m2024-03-29 14:46:17,436[0;39m [32m[INFO][0;39m jdbc.soapweb.Xsdsoapwebservice1154Application restartedMain [32mStarting Xsdsoapwebservice1154Application using Java 1.8.0_292 on WPF45D02X with PID 4620 (C:\DLTE_JavaFullStack-Annapoorna2024\DLTE_SPRING\xsdsoapweb1154\target\classes started by xxpaiija in C:\DLTE_JavaFullStack-Annapoorna2024\DLTE_SPRING\xsdsoapweb1154)
[0;39m[31m2024-03-29 14:46:17,436[0;39m [32m[INFO][0;39m jdbc.soapweb.Xsdsoapwebservice1154Application restartedMain [32mNo active profile set, falling back to 1 default profile: "default"
[0;39m[31m2024-03-29 14:46:17,514[0;39m [32m[INFO][0;39m org.springframework.boot.devtools.restart.ChangeableUrls restartedMain [32mThe Class-Path manifest attribute in C:\Users\xxpaiija\.m2\repository\com\oracle\database\security\oraclepki\21.5.0.0\oraclepki-21.5.0.0.jar referenced one or more files that do not exist: file:/C:/Users/xxpaiija/.m2/repository/com/oracle/database/security/oraclepki/21.5.0.0/osdt_core.jar,file:/C:/Users/xxpaiija/.m2/repository/com/oracle/database/security/oraclepki/21.5.0.0/osdt_cert.jar,file:/C:/Users/xxpaiija/.m2/repository/com/oracle/database/security/oraclepki/oracle.osdt/osdt_core.jar,file:/C:/Users/xxpaiija/.m2/repository/com/oracle/database/security/oraclepki/oracle.osdt/osdt_cert.jar
[0;39m[31m2024-03-29 14:46:17,514[0;39m [32m[INFO][0;39m org.springframework.boot.devtools.env.DevToolsPropertyDefaultsPostProcessor restartedMain [32mDevtools property defaults active! Set 'spring.devtools.add-properties' to 'false' to disable
[0;39m[31m2024-03-29 14:46:17,514[0;39m [32m[INFO][0;39m org.springframework.boot.devtools.env.DevToolsPropertyDefaultsPostProcessor restartedMain [32mFor additional web related logging consider setting the 'logging.level.web' property to 'DEBUG'
[0;39m[31m2024-03-29 14:46:18,221[0;39m [32m[INFO][0;39m org.springframework.data.repository.config.RepositoryConfigurationDelegate restartedMain [32mBootstrapping Spring Data JDBC repositories in DEFAULT mode.
[0;39m[31m2024-03-29 14:46:18,237[0;39m [32m[INFO][0;39m org.springframework.data.repository.config.RepositoryConfigurationDelegate restartedMain [32mFinished Spring Data repository scanning in 5 ms. Found 0 JDBC repository interfaces.
[0;39m[31m2024-03-29 14:46:18,441[0;39m [32m[INFO][0;39m org.springframework.context.support.PostProcessorRegistrationDelegate$BeanPostProcessorChecker restartedMain [32mBean 'soapServiceConfiguration' of type [jdbc.soapweb.configurations.SoapServiceConfiguration$$EnhancerBySpringCGLIB$$b4840ace] is not eligible for getting processed by all BeanPostProcessors (for example: not eligible for auto-proxying)
[0;39m[31m2024-03-29 14:46:18,441[0;39m [32m[INFO][0;39m org.springframework.context.support.PostProcessorRegistrationDelegate$BeanPostProcessorChecker restartedMain [32mBean 'org.springframework.ws.config.annotation.DelegatingWsConfiguration' of type [org.springframework.ws.config.annotation.DelegatingWsConfiguration$$EnhancerBySpringCGLIB$$4d5fb3a3] is not eligible for getting processed by all BeanPostProcessors (for example: not eligible for auto-proxying)
[0;39m[31m2024-03-29 14:46:18,504[0;39m [32m[INFO][0;39m org.springframework.ws.soap.addressing.server.AnnotationActionEndpointMapping restartedMain [32mSupporting [WS-Addressing August 2004, WS-Addressing 1.0]
[0;39m[31m2024-03-29 14:46:18,838[0;39m [32m[INFO][0;39m org.springframework.boot.web.embedded.tomcat.TomcatWebServer restartedMain [32mTomcat initialized with port(s): 2000 (http)
[0;39m[31m2024-03-29 14:46:18,851[0;39m [32m[INFO][0;39m org.apache.catalina.core.StandardService restartedMain [32mStarting service [Tomcat]
[0;39m[31m2024-03-29 14:46:18,851[0;39m [32m[INFO][0;39m org.apache.catalina.core.StandardEngine restartedMain [32mStarting Servlet engine: [Apache Tomcat/9.0.73]
[0;39m[31m2024-03-29 14:46:19,023[0;39m [32m[INFO][0;39m org.apache.catalina.core.ContainerBase.[Tomcat].[localhost].[/] restartedMain [32mInitializing Spring embedded WebApplicationContext
[0;39m[31m2024-03-29 14:46:19,023[0;39m [32m[INFO][0;39m org.springframework.boot.web.servlet.context.ServletWebServerApplicationContext restartedMain [32mRoot WebApplicationContext: initialization completed in 1509 ms
[0;39m[31m2024-03-29 14:46:19,607[0;39m [32m[INFO][0;39m com.zaxxer.hikari.HikariDataSource restartedMain [32mHikariPool-1 - Starting...
[0;39m[31m2024-03-29 14:46:19,607[0;39m [32m[WARN][0;39m com.zaxxer.hikari.util.DriverDataSource restartedMain [32mRegistered driver with driverClassName=oracle.jdbc.driver.OracleDriver was not found, trying direct instantiation.
[0;39m[31m2024-03-29 14:46:19,733[0;39m [32m[INFO][0;39m com.zaxxer.hikari.pool.PoolBase restartedMain [32mHikariPool-1 - Driver does not support get/set network timeout for connections. (oracle.jdbc.driver.T4CConnection.getNetworkTimeout()I)
[0;39m[31m2024-03-29 14:46:19,739[0;39m [32m[INFO][0;39m com.zaxxer.hikari.HikariDataSource restartedMain [32mHikariPool-1 - Start completed.
[0;39m[31m2024-03-29 14:46:19,861[0;39m [32m[INFO][0;39m org.springframework.boot.devtools.autoconfigure.OptionalLiveReloadServer restartedMain [32mLiveReload server is running on port 35729
[0;39m[31m2024-03-29 14:46:19,907[0;39m [32m[INFO][0;39m org.springframework.boot.web.embedded.tomcat.TomcatWebServer restartedMain [32mTomcat started on port(s): 2000 (http) with context path ''
[0;39m[31m2024-03-29 14:46:19,923[0;39m [32m[INFO][0;39m jdbc.soapweb.Xsdsoapwebservice1154Application restartedMain [32mStarted Xsdsoapwebservice1154Application in 3.06 seconds (JVM running for 4.317)
[0;39m[31m2024-03-29 14:46:34,321[0;39m [32m[INFO][0;39m org.apache.catalina.core.ContainerBase.[Tomcat].[localhost].[/] http-nio-2000-exec-1 [32mInitializing Spring MessageDispatcherServlet 'messageDispatcherServlet'
[0;39m[31m2024-03-29 14:46:34,322[0;39m [32m[INFO][0;39m org.springframework.ws.transport.http.MessageDispatcherServlet http-nio-2000-exec-1 [32mInitializing Servlet 'messageDispatcherServlet'
[0;39m[31m2024-03-29 14:46:34,326[0;39m [32m[INFO][0;39m org.springframework.ws.soap.saaj.SaajSoapMessageFactory http-nio-2000-exec-1 [32mCreating SAAJ 1.3 MessageFactory with SOAP 1.1 Protocol
[0;39m[31m2024-03-29 14:46:34,345[0;39m [32m[INFO][0;39m org.springframework.ws.transport.http.MessageDispatcherServlet http-nio-2000-exec-1 [32mCompleted initialization in 22 ms
[0;39m[31m2024-03-29 15:19:21,776[0;39m [32m[WARN][0;39m com.zaxxer.hikari.pool.HikariPool HikariPool-1 housekeeper [32mHikariPool-1 - Thread starvation or clock leap detected (housekeeper delta=6m1s511ms173µs900ns).
[0;39m[31m2024-03-29 16:40:03,835[0;39m [32m[WARN][0;39m com.zaxxer.hikari.pool.HikariPool HikariPool-1 housekeeper [32mHikariPool-1 - Thread starvation or clock leap detected (housekeeper delta=17m11s4ms981µs100ns).
[0;39m